../base/shell/cmd/info.c: In function 'cmd_info':
../base/shell/cmd/info.c:55:2: error: too few arguments to function 'split' In file included from ../base/shell/cmd/precomp.h:25:0:
../base/shell/cmd/cmd.h:333:9: note: declared here
../base/shell/cmd/info.c:27:16: error: variable 'hConsoleOut' set but not used [-Werror=unused-but-set-variable]


[info.c]

27-41     	HANDLE hFile, hConsoleOut;
     	    	INT    argc;
     	    	LPTSTR *argv;
     	    	LPTSTR errmsg;

     	    	DWORD dwNeeded;
     	    	PSECURITY_DESCRIPTOR psdSD = NULL;
     	    	LPTSTR		  lpStrSecDesc = NULL;
     	    	ULONG		  ulSecLen;
     	    	DWORD dwFileAttributes;
     	    	FILETIME ftCreation;
     	    	FILETIME ftLastWrite;
     	    	FILETIME ftLastAccess;

     	    	hConsoleOut=GetStdHandle(STD_OUTPUT_HANDLE);
     	    	
     	    	
55          argv = split(param, &argc, TRUE);


[cmd.h]

327  	    	/* Prototypes for MISC.C */
     	    	INT GetRootPath(TCHAR *InPath,TCHAR *OutPath,INT size);
     	    	BOOL SetRootPath(TCHAR *oldpath,TCHAR *InPath);
     	    	TCHAR  cgetchar (VOID);
     	    	BOOL   CheckCtrlBreak (INT);
     	    	BOOL add_entry (LPINT ac, LPTSTR **arg, LPCTSTR entry);
333  	    	LPTSTR *split (LPTSTR, LPINT, BOOL, BOOL);
     	    	LPTSTR *splitspace (LPTSTR, LPINT);
     	    	VOID   freep (LPTSTR *);
     	    	LPTSTR _stpcpy (LPTSTR, LPCTSTR);
     	    	VOID   StripQuotes(LPTSTR);
     	    	BOOL   IsValidPathName (LPCTSTR);
     	    	BOOL   IsExistingFile (LPCTSTR);
     	    	BOOL   IsExistingDirectory (LPCTSTR);
     	    	BOOL   FileGetString (HANDLE, LPTSTR, INT);
347  	    	VOID   GetPathCase(TCHAR *, TCHAR *);
